This file contains any messages produced by compilers while
running configure, to aid debugging if configure makes a mistake.

It was created by waste configure 1.0, which was
generated by GNU Autoconf 2.71.  Invocation command line was

  $ ./configure

## --------- ##
## Platform. ##
## --------- ##

hostname = DESKTOP-4G234DS
uname -m = x86_64
uname -r = 6.6.87.2-microsoft-standard-WSL2
uname -s = Linux
uname -v = #1 SMP PREEMPT_DYNAMIC Thu Jun  5 18:30:46 UTC 2025

/usr/bin/uname -p = unknown
/bin/uname -X     = unknown

/bin/arch              = x86_64
/usr/bin/arch -k       = unknown
/usr/convex/getsysinfo = unknown
/usr/bin/hostinfo      = unknown
/bin/machine           = unknown
/usr/bin/oslevel       = unknown
/bin/universe          = unknown

PATH: /home/glass/.nvm/versions/node/v24.5.0/bin/
PATH: /usr/local/sbin/
PATH: /usr/local/bin/
PATH: /usr/sbin/
PATH: /usr/bin/
PATH: /sbin/
PATH: /bin/
PATH: /usr/games/
PATH: /usr/local/games/
PATH: /usr/lib/wsl/lib/
PATH: /mnt/c/Program Files/Common Files/Oracle/Java/javapath/
PATH: /mnt/c/Windows/system32/
PATH: /mnt/c/Windows/
PATH: /mnt/c/Windows/System32/Wbem/
PATH: /mnt/c/Windows/System32/WindowsPowerShell/v1.0/
PATH: /mnt/c/Windows/System32/OpenSSH/
PATH: /mnt/c/Program Files/TCC/
PATH: /mnt/d/LLVM/bin/
PATH: /mnt/c/Program Files/Git/cmd/
PATH: /mnt/d/nodejs/
PATH: /mnt/c/Program Files/CMake/bin/
PATH: /mnt/c/Program Files (x86)/cloudflared/
PATH: /mnt/d/Strawberry/c/bin/
PATH: /mnt/d/Strawberry/perl/site/bin/
PATH: /mnt/d/Strawberry/perl/bin/
PATH: /mnt/c/Program Files/Go/bin/
PATH: /mnt/c/Program Files/dotnet/
PATH: /mnt/c/Program Files (x86)/Windows Kits/10/Windows Performance Toolkit/
PATH: /mnt/c/Program Files (x86)/GnuPG/bin/
PATH: /mnt/c/Program Files/Lite XL/
PATH: /mnt/c/Users/zak/AppData/Local/pnpm/
PATH: /mnt/c/Users/zak/AppData/Local/Programs/Python/Python312/Scripts/
PATH: /mnt/c/Users/zak/AppData/Local/Programs/Python/Python312/
PATH: /mnt/c/Users/zak/AppData/Local/Microsoft/WindowsApps/
PATH: /mnt/c/Users/zak/.dotnet/tools/
PATH: /mnt/c/Program Files/Neovim/bin/
PATH: /mnt/c/Users/zak/AppData/Local/Microsoft/WinGet/Packages/BurntSushi.ripgrep.MSVC_Microsoft.Winget.Source_8wekyb3d8bbwe/ripgrep-14.1.0-x86_64-pc-windows-msvc/
PATH: /mnt/c/Users/zak/AppData/Roaming/npm/
PATH: /mnt/d/Program Files/IntelliJ IDEA Community Edition 2024.2.0.1/bin/
PATH: /mnt/c/Users/zak/AppData/Local/Muse Hub/lib/
PATH: /mnt/c/vcpkg/
PATH: /mnt/c/Users/zak/AppData/Local/Microsoft/WinGet/Links/
PATH: /mnt/c/Users/zak/AppData/Local/Microsoft/WinGet/Packages/Ninja-build.Ninja_Microsoft.Winget.Source_8wekyb3d8bbwe/
PATH: /mnt/c/Program Files/7-Zip/
PATH: /mnt/d/bak/sqlite-tools-win-x64-3470200/
PATH: /mnt/c/Users/zak/AppData/Local/Microsoft/WinGet/Packages/Gyan.FFmpeg_Microsoft.Winget.Source_8wekyb3d8bbwe/ffmpeg-7.1-full_build/bin/
PATH: /mnt/c/Program Files (x86)/Nmap/
PATH: /mnt/c/Users/zak/go/bin/
PATH: /mnt/c/Users/zak/.dotnet/tools/


## ----------- ##
## Core tests. ##
## ----------- ##

configure:2172: looking for aux files: compile missing install-sh
configure:2185:  trying ./
configure:2214:   ./compile found
configure:2214:   ./missing found
configure:2196:   ./install-sh found
configure:2343: checking for a BSD-compatible install
configure:2416: result: /usr/bin/install -c
configure:2427: checking whether build environment is sane
configure:2482: result: yes
configure:2641: checking for a race-free mkdir -p
configure:2685: result: /usr/bin/mkdir -p
configure:2692: checking for gawk
configure:2727: result: no
configure:2692: checking for mawk
configure:2713: found /usr/bin/mawk
configure:2724: result: mawk
configure:2735: checking whether make sets $(MAKE)
configure:2758: result: yes
configure:2788: checking whether make supports nested variables
configure:2806: result: yes
configure:3009: checking for gcc
configure:3030: found /usr/bin/gcc
configure:3041: result: gcc
configure:3394: checking for C compiler version
configure:3403: gcc --version >&5
gcc (Debian 12.2.0-14+deb12u1) 12.2.0
Copyright (C) 2022 Free Software Foundation, Inc.
This is free software; see the source for copying conditions.  There is NO
warranty; not even for MERCHANTABILITY or FITNESS FOR A PARTICULAR PURPOSE.

configure:3414: $? = 0
configure:3403: gcc -v >&5
Using built-in specs.
COLLECT_GCC=gcc
COLLECT_LTO_WRAPPER=/usr/lib/gcc/x86_64-linux-gnu/12/lto-wrapper
OFFLOAD_TARGET_NAMES=nvptx-none:amdgcn-amdhsa
OFFLOAD_TARGET_DEFAULT=1
Target: x86_64-linux-gnu
Configured with: ../src/configure -v --with-pkgversion='Debian 12.2.0-14+deb12u1' --with-bugurl=file:///usr/share/doc/gcc-12/README.Bugs --enable-languages=c,ada,c++,go,d,fortran,objc,obj-c++,m2 --prefix=/usr --with-gcc-major-version-only --program-suffix=-12 --program-prefix=x86_64-linux-gnu- --enable-shared --enable-linker-build-id --libexecdir=/usr/lib --without-included-gettext --enable-threads=posix --libdir=/usr/lib --enable-nls --enable-clocale=gnu --enable-libstdcxx-debug --enable-libstdcxx-time=yes --with-default-libstdcxx-abi=new --enable-gnu-unique-object --disable-vtable-verify --enable-plugin --enable-default-pie --with-system-zlib --enable-libphobos-checking=release --with-target-system-zlib=auto --enable-objc-gc=auto --enable-multiarch --disable-werror --enable-cet --with-arch-32=i686 --with-abi=m64 --with-multilib-list=m32,m64,mx32 --enable-multilib --with-tune=generic --enable-offload-targets=nvptx-none=/build/reproducible-path/gcc-12-12.2.0/debian/tmp-nvptx/usr,amdgcn-amdhsa=/build/reproducible-path/gcc-12-12.2.0/debian/tmp-gcn/usr --enable-offload-defaulted --without-cuda-driver --enable-checking=release --build=x86_64-linux-gnu --host=x86_64-linux-gnu --target=x86_64-linux-gnu
Thread model: posix
Supported LTO compression algorithms: zlib zstd
gcc version 12.2.0 (Debian 12.2.0-14+deb12u1) 
... rest of stderr output deleted ...
configure:3414: $? = 0
configure:3403: gcc -V >&5
gcc: error: unrecognized command-line option '-V'
gcc: fatal error: no input files
compilation terminated.
configure:3414: $? = 1
configure:3403: gcc -qversion >&5
gcc: error: unrecognized command-line option '-qversion'; did you mean '--version'?
gcc: fatal error: no input files
compilation terminated.
configure:3414: $? = 1
configure:3403: gcc -version >&5
gcc: error: unrecognized command-line option '-version'
gcc: fatal error: no input files
compilation terminated.
configure:3414: $? = 1
configure:3434: checking whether the C compiler works
configure:3456: gcc    conftest.c  >&5
configure:3460: $? = 0
configure:3510: result: yes
configure:3513: checking for C compiler default output file name
configure:3515: result: a.out
configure:3521: checking for suffix of executables
configure:3528: gcc -o conftest    conftest.c  >&5
configure:3532: $? = 0
configure:3555: result: 
configure:3577: checking whether we are cross compiling
configure:3585: gcc -o conftest    conftest.c  >&5
configure:3589: $? = 0
configure:3596: ./conftest
configure:3600: $? = 0
configure:3615: result: no
configure:3620: checking for suffix of object files
configure:3643: gcc -c   conftest.c >&5
configure:3647: $? = 0
configure:3669: result: o
configure:3673: checking whether the compiler supports GNU C
configure:3693: gcc -c   conftest.c >&5
configure:3693: $? = 0
configure:3703: result: yes
configure:3714: checking whether gcc accepts -g
configure:3735: gcc -c -g  conftest.c >&5
configure:3735: $? = 0
configure:3779: result: yes
configure:3799: checking for gcc option to enable C11 features
configure:3814: gcc  -c -g -O2  conftest.c >&5
configure:3814: $? = 0
configure:3832: result: none needed
configure:3948: checking whether gcc understands -c and -o together
configure:3971: gcc -c conftest.c -o conftest2.o
configure:3974: $? = 0
configure:3971: gcc -c conftest.c -o conftest2.o
configure:3974: $? = 0
configure:3986: result: yes
configure:4006: checking whether make supports the include directive
configure:4021: make -f confmf.GNU && cat confinc.out
this is the am__doit target
configure:4024: $? = 0
configure:4043: result: yes (GNU style)
configure:4069: checking dependency style of gcc
configure:4181: result: gcc3
configure:4203: checking for stdio.h
configure:4203: gcc -c -g -O2  conftest.c >&5
configure:4203: $? = 0
configure:4203: result: yes
configure:4203: checking for stdlib.h
configure:4203: gcc -c -g -O2  conftest.c >&5
configure:4203: $? = 0
configure:4203: result: yes
configure:4203: checking for string.h
configure:4203: gcc -c -g -O2  conftest.c >&5
configure:4203: $? = 0
configure:4203: result: yes
configure:4203: checking for inttypes.h
configure:4203: gcc -c -g -O2  conftest.c >&5
configure:4203: $? = 0
configure:4203: result: yes
configure:4203: checking for stdint.h
configure:4203: gcc -c -g -O2  conftest.c >&5
configure:4203: $? = 0
configure:4203: result: yes
configure:4203: checking for strings.h
configure:4203: gcc -c -g -O2  conftest.c >&5
configure:4203: $? = 0
configure:4203: result: yes
configure:4203: checking for sys/stat.h
configure:4203: gcc -c -g -O2  conftest.c >&5
configure:4203: $? = 0
configure:4203: result: yes
configure:4203: checking for sys/types.h
configure:4203: gcc -c -g -O2  conftest.c >&5
configure:4203: $? = 0
configure:4203: result: yes
configure:4203: checking for unistd.h
configure:4203: gcc -c -g -O2  conftest.c >&5
configure:4203: $? = 0
configure:4203: result: yes
configure:4228: checking for stdio.h
configure:4228: result: yes
configure:4234: checking for stdlib.h
configure:4234: result: yes
configure:4346: checking that generated files are newer than configure
configure:4352: result: done
configure:4375: creating ./config.status

## ---------------------- ##
## Running config.status. ##
## ---------------------- ##

This file was extended by waste config.status 1.0, which was
generated by GNU Autoconf 2.71.  Invocation command line was

  CONFIG_FILES    = 
  CONFIG_HEADERS  = 
  CONFIG_LINKS    = 
  CONFIG_COMMANDS = 
  $ ./config.status 

on DESKTOP-4G234DS

config.status:850: creating Makefile
config.status:850: creating src/Makefile
config.status:850: creating doc/Makefile
config.status:850: creating config.h
config.status:1031: config.h is unchanged
config.status:1079: executing depfiles commands
config.status:1156: cd src       && sed -e '/# am--include-marker/d' Makefile         | make -f - am--depfiles
make: Nothing to be done for 'am--depfiles'.
config.status:1161: $? = 0

## ---------------- ##
## Cache variables. ##
## ---------------- ##

ac_cv_c_compiler_gnu=yes
ac_cv_env_CC_set=
ac_cv_env_CC_value=
ac_cv_env_CFLAGS_set=
ac_cv_env_CFLAGS_value=
ac_cv_env_CPPFLAGS_set=
ac_cv_env_CPPFLAGS_value=
ac_cv_env_LDFLAGS_set=
ac_cv_env_LDFLAGS_value=
ac_cv_env_LIBS_set=
ac_cv_env_LIBS_value=
ac_cv_env_build_alias_set=
ac_cv_env_build_alias_value=
ac_cv_env_host_alias_set=
ac_cv_env_host_alias_value=
ac_cv_env_target_alias_set=
ac_cv_env_target_alias_value=
ac_cv_header_inttypes_h=yes
ac_cv_header_stdint_h=yes
ac_cv_header_stdio_h=yes
ac_cv_header_stdlib_h=yes
ac_cv_header_string_h=yes
ac_cv_header_strings_h=yes
ac_cv_header_sys_stat_h=yes
ac_cv_header_sys_types_h=yes
ac_cv_header_unistd_h=yes
ac_cv_objext=o
ac_cv_path_install='/usr/bin/install -c'
ac_cv_path_mkdir=/usr/bin/mkdir
ac_cv_prog_AWK=mawk
ac_cv_prog_ac_ct_CC=gcc
ac_cv_prog_cc_c11=
ac_cv_prog_cc_g=yes
ac_cv_prog_cc_stdc=
ac_cv_prog_make_make_set=yes
am_cv_CC_dependencies_compiler_type=gcc3
am_cv_make_support_nested_variables=yes
am_cv_prog_cc_c_o=yes

## ----------------- ##
## Output variables. ##
## ----------------- ##

ACLOCAL='${SHELL} '\''/home/glass/wasteofspace/missing'\'' aclocal-1.16'
AMDEPBACKSLASH='\'
AMDEP_FALSE='#'
AMDEP_TRUE=''
AMTAR='$${TAR-tar}'
AM_BACKSLASH='\'
AM_DEFAULT_V='$(AM_DEFAULT_VERBOSITY)'
AM_DEFAULT_VERBOSITY='1'
AM_V='$(V)'
AUTOCONF='${SHELL} '\''/home/glass/wasteofspace/missing'\'' autoconf'
AUTOHEADER='${SHELL} '\''/home/glass/wasteofspace/missing'\'' autoheader'
AUTOMAKE='${SHELL} '\''/home/glass/wasteofspace/missing'\'' automake-1.16'
AWK='mawk'
CC='gcc'
CCDEPMODE='depmode=gcc3'
CFLAGS='-g -O2'
CPPFLAGS=''
CSCOPE='cscope'
CTAGS='ctags'
CYGPATH_W='echo'
DEFS='-DHAVE_CONFIG_H'
DEPDIR='.deps'
ECHO_C=''
ECHO_N='-n'
ECHO_T=''
ETAGS='etags'
EXEEXT=''
INSTALL_DATA='${INSTALL} -m 644'
INSTALL_PROGRAM='${INSTALL}'
INSTALL_SCRIPT='${INSTALL}'
INSTALL_STRIP_PROGRAM='$(install_sh) -c -s'
LDFLAGS=''
LIBOBJS=''
LIBS=''
LTLIBOBJS=''
MAKEINFO='${SHELL} '\''/home/glass/wasteofspace/missing'\'' makeinfo'
MKDIR_P='/usr/bin/mkdir -p'
OBJEXT='o'
PACKAGE='waste'
PACKAGE_BUGREPORT='waste@mail.com'
PACKAGE_NAME='waste'
PACKAGE_STRING='waste 1.0'
PACKAGE_TARNAME='waste'
PACKAGE_URL=''
PACKAGE_VERSION='1.0'
PATH_SEPARATOR=':'
SET_MAKE=''
SHELL='/bin/bash'
STRIP=''
VERSION='1.0'
ac_ct_CC='gcc'
am__EXEEXT_FALSE=''
am__EXEEXT_TRUE='#'
am__fastdepCC_FALSE='#'
am__fastdepCC_TRUE=''
am__include='include'
am__isrc=''
am__leading_dot='.'
am__nodep='_no'
am__quote=''
am__tar='$${TAR-tar} chof - "$$tardir"'
am__untar='$${TAR-tar} xf -'
bindir='${exec_prefix}/bin'
build_alias=''
datadir='${datarootdir}'
datarootdir='${prefix}/share'
docdir='${datarootdir}/doc/${PACKAGE_TARNAME}'
dvidir='${docdir}'
exec_prefix='${prefix}'
host_alias=''
htmldir='${docdir}'
includedir='${prefix}/include'
infodir='${datarootdir}/info'
install_sh='${SHELL} /home/glass/wasteofspace/install-sh'
libdir='${exec_prefix}/lib'
libexecdir='${exec_prefix}/libexec'
localedir='${datarootdir}/locale'
localstatedir='${prefix}/var'
mandir='${datarootdir}/man'
mkdir_p='$(MKDIR_P)'
oldincludedir='/usr/include'
pdfdir='${docdir}'
prefix='/usr/local'
program_transform_name='s,x,x,'
psdir='${docdir}'
runstatedir='${localstatedir}/run'
sbindir='${exec_prefix}/sbin'
sharedstatedir='${prefix}/com'
sysconfdir='${prefix}/etc'
target_alias=''

## ----------- ##
## confdefs.h. ##
## ----------- ##

/* confdefs.h */
#define PACKAGE_NAME "waste"
#define PACKAGE_TARNAME "waste"
#define PACKAGE_VERSION "1.0"
#define PACKAGE_STRING "waste 1.0"
#define PACKAGE_BUGREPORT "waste@mail.com"
#define PACKAGE_URL ""
#define PACKAGE "waste"
#define VERSION "1.0"
#define HAVE_STDIO_H 1
#define HAVE_STDLIB_H 1
#define HAVE_STRING_H 1
#define HAVE_INTTYPES_H 1
#define HAVE_STDINT_H 1
#define HAVE_STRINGS_H 1
#define HAVE_SYS_STAT_H 1
#define HAVE_SYS_TYPES_H 1
#define HAVE_UNISTD_H 1
#define STDC_HEADERS 1
#define HAVE_STDIO_H 1
#define HAVE_STDLIB_H 1

configure: exit 0
